<?xml version="1.0" encoding="utf-8"?><testsuites name="pytest tests"><testsuite name="pytest" errors="0" failures="0" skipped="1" tests="19" time="3.638" timestamp="2026-07-31T12:23:33.079704+00:00" hostname="agent-env-18a632d2-bdd6-4937-bf98-0c6a9c8a9dcc"><testcase classname="tests.backend_test_iter7.TestSystemModules" name="test_list_modules_returns_six_groups" time="0.536" /><testcase classname="tests.backend_test_iter7.TestSystemModules" name="test_toggle_hr_enable" time="0.142" /><testcase classname="tests.backend_test_iter7.TestSystemModules" name="test_toggle_system_disable_forbidden" time="0.106" /><testcase classname="tests.backend_test_iter7.TestSystemModules" name="test_unknown_module_404" time="0.099" /><testcase classname="tests.backend_test_iter7.TestPayroll" name="test_create_employee_bad_cedula" time="0.126" /><testcase classname="tests.backend_test_iter7.TestPayroll" name="test_create_employee_ok" time="0.127" /><testcase classname="tests.backend_test_iter7.TestPayroll" name="test_calculate_payroll" time="0.174" /><testcase classname="tests.backend_test_iter7.TestPayroll" name="test_tss_txt_export" time="0.104" /><testcase classname="tests.backend_test_iter7.TestPayroll" name="test_voucher_pdf" time="0.111" /><testcase classname="tests.backend_test_iter7.TestPayroll" name="test_csv_export" time="0.107" /><testcase classname="tests.backend_test_iter7.TestPayroll" name="test_delete_employee_cleanup" time="0.119" /><testcase classname="tests.backend_test_iter7.TestHierarchyAlerts" name="test_supervisor_notification_on_sample_create" time="1.062"><skipped type="pytest.skip" message="subordinate cannot create sample: 403">/app/backend/tests/backend_test_iter7.py:191: subordinate cannot create sample: 403</skipped></testcase><testcase classname="tests.backend_test_iter7.TestRegression" name="test_endpoint_lt_500[/samples]" time="0.128" /><testcase classname="tests.backend_test_iter7.TestRegression" name="test_endpoint_lt_500[/batches]" time="0.115" /><testcase classname="tests.backend_test_iter7.TestRegression" name="test_endpoint_lt_500[/warehouses]" time="0.098" /><testcase classname="tests.backend_test_iter7.TestRegression" name="test_endpoint_lt_500[/inventory/products]" time="0.097" /><testcase classname="tests.backend_test_iter7.TestRegression" name="test_endpoint_lt_500[/users]" time="0.104" /><testcase classname="tests.backend_test_iter7.TestRegression" name="test_endpoint_lt_500[/lab-forms/records/bulk_reception]" time="0.101" /><testcase classname="tests.backend_test_iter7.TestRegression" name="test_endpoint_lt_500[/signatures/admin/users]" time="0.104" /></testsuite></testsuites>