<?xml version="1.0" encoding="utf-8"?><testsuites name="pytest tests"><testsuite name="pytest" errors="0" failures="0" skipped="0" tests="77" time="17.623" timestamp="2026-07-30T12:56:38.715589+00:00" hostname="agent-env-18a632d2-bdd6-4937-bf98-0c6a9c8a9dcc"><testcase classname="tests.backend_test_p2.TestInstrumentAgents" name="test_create_agent" time="0.480" /><testcase classname="tests.backend_test_p2.TestInstrumentAgents" name="test_agent_duplicate_code" time="0.098" /><testcase classname="tests.backend_test_p2.TestInstrumentAgents" name="test_list_agents_contains_new" time="0.102" /><testcase classname="tests.backend_test_p2.TestInstruments" name="test_create_instrument" time="0.118" /><testcase classname="tests.backend_test_p2.TestInstruments" name="test_list_instruments" time="0.104" /><testcase classname="tests.backend_test_p2.TestInstruments" name="test_get_instrument" time="0.104" /><testcase classname="tests.backend_test_p2.TestAgentEndpoints" name="test_heartbeat_without_token" time="0.101" /><testcase classname="tests.backend_test_p2.TestAgentEndpoints" name="test_heartbeat_invalid_token" time="0.098" /><testcase classname="tests.backend_test_p2.TestAgentEndpoints" name="test_heartbeat_valid" time="0.207" /><testcase classname="tests.backend_test_p2.TestAgentEndpoints" name="test_agent_config" time="0.097" /><testcase classname="tests.backend_test_p2.TestAgentEndpoints" name="test_push_reading" time="0.310" /><testcase classname="tests.backend_test_p2.TestAgentEndpoints" name="test_push_reading_wrong_agent" time="0.327" /><testcase classname="tests.backend_test_p2.TestAgentScriptDownload" name="test_download_python_script" time="0.104" /><testcase classname="tests.backend_test_p2.TestAgentScriptDownload" name="test_download_install_bat" time="0.103" /><testcase classname="tests.backend_test_p2.TestDocuments" name="test_create_document" time="0.113" /><testcase classname="tests.backend_test_p2.TestDocuments" name="test_upload_v1" time="0.111" /><testcase classname="tests.backend_test_p2.TestDocuments" name="test_approve_v1" time="0.218" /><testcase classname="tests.backend_test_p2.TestDocuments" name="test_upload_v2_and_approve_makes_v1_obsolete" time="0.328" /><testcase classname="tests.backend_test_p2.TestSuppliers" name="test_create_supplier" time="0.109" /><testcase classname="tests.backend_test_p2.TestSuppliers" name="test_list_suppliers" time="0.096" /><testcase classname="tests.backend_test_p2.TestSetupForStockFlow" name="test_create_reagent" time="0.105" /><testcase classname="tests.backend_test_p2.TestSetupForStockFlow" name="test_create_finished_product" time="0.115" /><testcase classname="tests.backend_test_p2.TestSetupForStockFlow" name="test_create_warehouse" time="0.122" /><testcase classname="tests.backend_test_p2.TestSetupForStockFlow" name="test_list_warehouses" time="0.121" /><testcase classname="tests.backend_test_p2.TestPurchaseOrders" name="test_create_po" time="0.106" /><testcase classname="tests.backend_test_p2.TestPurchaseOrders" name="test_approve_po" time="0.219" /><testcase classname="tests.backend_test_p2.TestPurchaseOrders" name="test_receive_po_creates_stock_movement_and_updates_reagent" time="0.456" /><testcase classname="tests.backend_test_p2.TestStockMovements" name="test_out_movement" time="0.210" /><testcase classname="tests.backend_test_p2.TestStockMovements" name="test_summary_after_out" time="0.104" /><testcase classname="tests.backend_test_p2.TestProductionOrders" name="test_create_prod_order" time="0.101" /><testcase classname="tests.backend_test_p2.TestProductionOrders" name="test_start_prod_consumes_bom" time="0.345" /><testcase classname="tests.backend_test_p2.TestProductionOrders" name="test_complete_prod" time="0.331" /><testcase classname="tests.backend_test_p2.TestProductionQCGate" name="test_qc_gate_blocks_completion_when_sample_not_approved" time="0.669" /><testcase classname="tests.backend_test_p2.TestFinance" name="test_dashboard" time="0.102" /><testcase classname="tests.backend_test_p2.TestFinance" name="test_costs_by_product" time="0.100" /><testcase classname="tests.backend_test_p2.TestRbacP2" name="test_analyst_cannot_create_supplier" time="0.770" /><testcase classname="tests.backend_test_p2.TestRbacP2" name="test_analyst_cannot_create_warehouse" time="0.093" /><testcase classname="tests.backend_test_p2.TestRbacP2" name="test_analyst_cannot_create_production_order" time="0.094" /><testcase classname="tests.backend_test_p2.TestRbacP2" name="test_analyst_cannot_create_po" time="0.096" /><testcase classname="tests.backend_test_p2.TestRbacP2" name="test_warehouse_can_create_warehouse" time="0.892" /><testcase classname="tests.backend_test_p2.TestRbacP2" name="test_warehouse_cannot_delete_warehouse" time="0.310" /><testcase classname="tests.backend_test_p2.TestRbacP2" name="test_warehouse_can_create_stock_movement" time="0.116" /><testcase classname="tests.backend_test_p2.TestRbacP2" name="test_warehouse_can_create_purchase_order" time="1.340" /><testcase classname="tests.backend_test_p4.TestDataLayer" name="test_login_returns_has_signature" time="0.327" /><testcase classname="tests.backend_test_p4.TestDataLayer" name="test_me_has_signature" time="0.420" /><testcase classname="tests.backend_test_p4.TestSearch" name="test_shortcut_M01" time="0.099" /><testcase classname="tests.backend_test_p4.TestSearch" name="test_shortcut_L01" time="0.106" /><testcase classname="tests.backend_test_p4.TestSearch" name="test_shortcut_F01" time="0.112" /><testcase classname="tests.backend_test_p4.TestSearch" name="test_shortcut_case_insensitive" time="0.110" /><testcase classname="tests.backend_test_p4.TestSearch" name="test_text_search_no_error" time="0.107" /><testcase classname="tests.backend_test_p4.TestSearch" name="test_shortcuts_list_has_29_plus" time="0.097" /><testcase classname="tests.backend_test_p4.TestSearch" name="test_shortcut_admin_create" time="0.318" /><testcase classname="tests.backend_test_p4.TestSearch" name="test_shortcut_non_admin_403" time="0.764" /><testcase classname="tests.backend_test_p4.TestSignatures" name="test_canvas_upload_and_get_mine" time="0.211" /><testcase classname="tests.backend_test_p4.TestSignatures" name="test_signature_image_bytes" time="0.104" /><testcase classname="tests.backend_test_p4.TestSignatures" name="test_me_reflects_has_signature" time="0.104" /><testcase classname="tests.backend_test_p4.TestSignatures" name="test_upload_multipart_png" time="0.110" /><testcase classname="tests.backend_test_p4.TestSignatures" name="test_canvas_bad_data_url" time="0.102" /><testcase classname="tests.backend_test_p4.TestSignatures" name="test_delete_mine" time="0.337" /><testcase classname="tests.backend_test_p4.TestCrudSanity" name="test_create_product" time="0.105" /><testcase classname="tests.backend_test_p4.TestCrudSanity" name="test_get_product" time="0.099" /><testcase classname="tests.backend_test_p4.TestCrudSanity" name="test_create_test" time="0.111" /><testcase classname="tests.backend_test_p4.TestCrudSanity" name="test_create_reagent" time="0.106" /><testcase classname="tests.backend_test_p4.TestCrudSanity" name="test_create_supplier" time="0.113" /><testcase classname="tests.backend_test_p4.TestCrudSanity" name="test_create_warehouse" time="0.101" /><testcase classname="tests.backend_test_p4.TestCrudSanity" name="test_create_purchase_order" time="0.124" /><testcase classname="tests.backend_test_p4.TestExports" name="test_sources" time="0.096" /><testcase classname="tests.backend_test_p4.TestExports" name="test_products_export[csv]" time="0.101" /><testcase classname="tests.backend_test_p4.TestExports" name="test_products_export[xlsx]" time="0.110" /><testcase classname="tests.backend_test_p4.TestExports" name="test_products_export[docx]" time="0.127" /><testcase classname="tests.backend_test_p4.TestExports" name="test_products_export[pdf]" time="0.137" /><testcase classname="tests.backend_test_p4.TestInventory" name="test_consolidated_works" time="0.114" /><testcase classname="tests.backend_test_p4.TestInventory" name="test_low_stock_supply" time="0.214" /><testcase classname="tests.backend_test_p4.TestInventory" name="test_alert_scan" time="0.155" /><testcase classname="tests.backend_test_p4.TestLabFormNotifications" name="test_notify_on_create" time="0.868" /><testcase classname="tests.backend_test_p4.TestApprovalAndPdf" name="test_approval_flow" time="1.012" /><testcase classname="tests.backend_test_p4.TestApprovalAndPdf" name="test_pdf_download_with_signature" time="0.162" /></testsuite></testsuites>