<?xml version="1.0" encoding="utf-8"?><testsuites name="pytest tests"><testsuite name="pytest" errors="0" failures="6" skipped="0" tests="147" time="100.099" timestamp="2026-07-30T12:46:47.924244+00:00" hostname="agent-env-18a632d2-bdd6-4937-bf98-0c6a9c8a9dcc"><testcase classname="tests.backend_test_p4.TestDataLayer" name="test_login_returns_has_signature" time="0.357" /><testcase classname="tests.backend_test_p4.TestDataLayer" name="test_me_has_signature" time="0.495" /><testcase classname="tests.backend_test_p4.TestSearch" name="test_shortcut_M01" time="0.100" /><testcase classname="tests.backend_test_p4.TestSearch" name="test_shortcut_L01" time="0.108" /><testcase classname="tests.backend_test_p4.TestSearch" name="test_shortcut_F01" time="0.108" /><testcase classname="tests.backend_test_p4.TestSearch" name="test_shortcut_case_insensitive" time="0.100" /><testcase classname="tests.backend_test_p4.TestSearch" name="test_text_search_no_error" time="0.139" /><testcase classname="tests.backend_test_p4.TestSearch" name="test_shortcuts_list_has_29_plus" time="0.105" /><testcase classname="tests.backend_test_p4.TestSearch" name="test_shortcut_admin_create" time="0.331" /><testcase classname="tests.backend_test_p4.TestSearch" name="test_shortcut_non_admin_403" time="0.798" /><testcase classname="tests.backend_test_p4.TestSignatures" name="test_canvas_upload_and_get_mine" time="0.218" /><testcase classname="tests.backend_test_p4.TestSignatures" name="test_signature_image_bytes" time="0.113" /><testcase classname="tests.backend_test_p4.TestSignatures" name="test_me_reflects_has_signature" time="0.112" /><testcase classname="tests.backend_test_p4.TestSignatures" name="test_upload_multipart_png" time="0.117" /><testcase classname="tests.backend_test_p4.TestSignatures" name="test_canvas_bad_data_url" time="0.106" /><testcase classname="tests.backend_test_p4.TestSignatures" name="test_delete_mine" time="0.327" /><testcase classname="tests.backend_test_p4.TestCrudSanity" name="test_create_product" time="0.108" /><testcase classname="tests.backend_test_p4.TestCrudSanity" name="test_get_product" time="0.098" /><testcase classname="tests.backend_test_p4.TestCrudSanity" name="test_create_test" time="0.117" /><testcase classname="tests.backend_test_p4.TestCrudSanity" name="test_create_reagent" time="0.119" /><testcase classname="tests.backend_test_p4.TestCrudSanity" name="test_create_supplier" time="0.108" /><testcase classname="tests.backend_test_p4.TestCrudSanity" name="test_create_warehouse" time="0.107" /><testcase classname="tests.backend_test_p4.TestCrudSanity" name="test_create_purchase_order" time="0.117" /><testcase classname="tests.backend_test_p4.TestExports" name="test_sources" time="0.112" /><testcase classname="tests.backend_test_p4.TestExports" name="test_products_export[csv]" time="0.100" /><testcase classname="tests.backend_test_p4.TestExports" name="test_products_export[xlsx]" time="0.134" /><testcase classname="tests.backend_test_p4.TestExports" name="test_products_export[docx]" time="0.137" /><testcase classname="tests.backend_test_p4.TestExports" name="test_products_export[pdf]" time="0.137" /><testcase classname="tests.backend_test_p4.TestInventory" name="test_consolidated_works" time="0.120" /><testcase classname="tests.backend_test_p4.TestInventory" name="test_low_stock_supply" time="0.231" /><testcase classname="tests.backend_test_p4.TestInventory" name="test_alert_scan" time="0.141" /><testcase classname="tests.backend_test_p4.TestLabFormNotifications" name="test_notify_on_create" time="0.869" /><testcase classname="tests.backend_test_p4.TestApprovalAndPdf" name="test_approval_flow" time="1.021" /><testcase classname="tests.backend_test_p4.TestApprovalAndPdf" name="test_pdf_download_with_signature" time="0.151" /><testcase classname="tests.backend_test.TestHealth" name="test_health" time="0.466" /><testcase classname="tests.backend_test.TestHealth" name="test_root" time="0.105" /><testcase classname="tests.backend_test.TestAuth" name="test_login_success" time="0.000" /><testcase classname="tests.backend_test.TestAuth" name="test_login_invalid" time="0.326" /><testcase classname="tests.backend_test.TestAuth" name="test_me" time="0.099" /><testcase classname="tests.backend_test.TestAuth" name="test_no_auth_rejected" time="0.098" /><testcase classname="tests.backend_test.TestAuth" name="test_products_no_auth" time="0.096" /><testcase classname="tests.backend_test.TestAuth" name="test_roles_list" time="0.100" /><testcase classname="tests.backend_test.TestProducts" name="test_create_product" time="0.119" /><testcase classname="tests.backend_test.TestProducts" name="test_list_products_contains_new" time="0.107" /><testcase classname="tests.backend_test.TestProducts" name="test_get_product" time="0.101" /><testcase classname="tests.backend_test.TestTestsCatalog" name="test_create_test" time="0.106" /><testcase classname="tests.backend_test.TestTestsCatalog" name="test_list_tests" time="0.104" /><testcase classname="tests.backend_test.TestReagents" name="test_create_reagent" time="0.106" /><testcase classname="tests.backend_test.TestReagents" name="test_list_reagents" time="0.099" /><testcase classname="tests.backend_test.TestEquipment" name="test_create_equipment" time="0.160" /><testcase classname="tests.backend_test.TestEquipment" name="test_add_calibration" time="0.209" /><testcase classname="tests.backend_test.TestSampleFlow" name="test_create_sample" time="0.116" /><testcase classname="tests.backend_test.TestSampleFlow" name="test_get_sample_and_executions" time="0.113" /><testcase classname="tests.backend_test.TestSampleFlow" name="test_start_execution" time="0.120" /><testcase classname="tests.backend_test.TestSampleFlow" name="test_submit_execution" time="0.112" /><testcase classname="tests.backend_test.TestSampleFlow" name="test_approve_execution" time="0.107" /><testcase classname="tests.backend_test.TestSampleFlow" name="test_release_batch" time="0.134" /><testcase classname="tests.backend_test.TestSampleFlow" name="test_batch_persisted" time="0.099" /><testcase classname="tests.backend_test.TestSampleFlow" name="test_coa_pdf_download" time="0.159" /><testcase classname="tests.backend_test.TestSampleFlow" name="test_sample_final_state" time="0.106" /><testcase classname="tests.backend_test.TestUsers" name="test_register_analyst" time="0.335" /><testcase classname="tests.backend_test.TestUsers" name="test_analyst_can_login" time="0.335" /><testcase classname="tests.backend_test.TestUsers" name="test_analyst_cannot_create_product" time="0.107" /><testcase classname="tests.backend_test.TestUsers" name="test_analyst_cannot_register" time="0.099" /><testcase classname="tests.backend_test.TestUsers" name="test_list_users_contains_analyst" time="0.099" /><testcase classname="tests.backend_test.TestDashboard" name="test_kpis" time="0.115" /><testcase classname="tests.backend_test.TestDashboard" name="test_samples_trend" time="0.142" /><testcase classname="tests.backend_test.TestDashboard" name="test_alerts" time="0.115" /><testcase classname="tests.backend_test.TestAudit" name="test_audit_has_entries" time="0.126" /><testcase classname="tests.backend_test.TestReports" name="test_spc" time="0.102" /><testcase classname="tests.backend_test_p2.TestInstrumentAgents" name="test_create_agent" time="0.491" /><testcase classname="tests.backend_test_p2.TestInstrumentAgents" name="test_agent_duplicate_code" time="0.109" /><testcase classname="tests.backend_test_p2.TestInstrumentAgents" name="test_list_agents_contains_new" time="0.124" /><testcase classname="tests.backend_test_p2.TestInstruments" name="test_create_instrument" time="0.169" /><testcase classname="tests.backend_test_p2.TestInstruments" name="test_list_instruments" time="0.108" /><testcase classname="tests.backend_test_p2.TestInstruments" name="test_get_instrument" time="68.310" /><testcase classname="tests.backend_test_p2.TestAgentEndpoints" name="test_heartbeat_without_token" time="0.179" /><testcase classname="tests.backend_test_p2.TestAgentEndpoints" name="test_heartbeat_invalid_token" time="0.119" /><testcase classname="tests.backend_test_p2.TestAgentEndpoints" name="test_heartbeat_valid" time="0.260" /><testcase classname="tests.backend_test_p2.TestAgentEndpoints" name="test_agent_config" time="0.115" /><testcase classname="tests.backend_test_p2.TestAgentEndpoints" name="test_push_reading" time="0.386" /><testcase classname="tests.backend_test_p2.TestAgentEndpoints" name="test_push_reading_wrong_agent" time="0.321" /><testcase classname="tests.backend_test_p2.TestAgentScriptDownload" name="test_download_python_script" time="0.105" /><testcase classname="tests.backend_test_p2.TestAgentScriptDownload" name="test_download_install_bat" time="0.115" /><testcase classname="tests.backend_test_p2.TestDocuments" name="test_create_document" time="0.114" /><testcase classname="tests.backend_test_p2.TestDocuments" name="test_upload_v1" time="0.128" /><testcase classname="tests.backend_test_p2.TestDocuments" name="test_approve_v1" time="0.240" /><testcase classname="tests.backend_test_p2.TestDocuments" name="test_upload_v2_and_approve_makes_v1_obsolete" time="0.341" /><testcase classname="tests.backend_test_p2.TestSuppliers" name="test_create_supplier" time="0.121" /><testcase classname="tests.backend_test_p2.TestSuppliers" name="test_list_suppliers" time="0.102" /><testcase classname="tests.backend_test_p2.TestSetupForStockFlow" name="test_create_reagent" time="0.121" /><testcase classname="tests.backend_test_p2.TestSetupForStockFlow" name="test_create_finished_product" time="0.110" /><testcase classname="tests.backend_test_p2.TestSetupForStockFlow" name="test_create_warehouse" time="0.125" /><testcase classname="tests.backend_test_p2.TestSetupForStockFlow" name="test_list_warehouses" time="0.104" /><testcase classname="tests.backend_test_p2.TestPurchaseOrders" name="test_create_po" time="0.129" /><testcase classname="tests.backend_test_p2.TestPurchaseOrders" name="test_approve_po" time="0.246" /><testcase classname="tests.backend_test_p2.TestPurchaseOrders" name="test_receive_po_creates_stock_movement_and_updates_reagent" time="0.476"><failure message="assert 500 == 200&#10; +  where 500 = &lt;Response [500]&gt;.status_code">E   assert 500 == 200
     +  where 500 = &lt;Response [500]&gt;.status_code</failure></testcase><testcase classname="tests.backend_test_p2.TestStockMovements" name="test_out_movement" time="0.232" /><testcase classname="tests.backend_test_p2.TestStockMovements" name="test_summary_after_out" time="0.115"><failure message="requests.exceptions.JSONDecodeError: Expecting value: line 1 column 1 (char 0)">E   json.decoder.JSONDecodeError: Expecting value: line 1 column 1 (char 0)

During handling of the above exception, another exception occurred:
E   requests.exceptions.JSONDecodeError: Expecting value: line 1 column 1 (char 0)</failure></testcase><testcase classname="tests.backend_test_p2.TestProductionOrders" name="test_create_prod_order" time="0.126" /><testcase classname="tests.backend_test_p2.TestProductionOrders" name="test_start_prod_consumes_bom" time="0.417" /><testcase classname="tests.backend_test_p2.TestProductionOrders" name="test_complete_prod" time="0.348" /><testcase classname="tests.backend_test_p2.TestProductionQCGate" name="test_qc_gate_blocks_completion_when_sample_not_approved" time="0.700" /><testcase classname="tests.backend_test_p2.TestFinance" name="test_dashboard" time="0.117" /><testcase classname="tests.backend_test_p2.TestFinance" name="test_costs_by_product" time="0.120" /><testcase classname="tests.backend_test_p2.TestRbacP2" name="test_analyst_cannot_create_supplier" time="0.750" /><testcase classname="tests.backend_test_p2.TestRbacP2" name="test_analyst_cannot_create_warehouse" time="0.098" /><testcase classname="tests.backend_test_p2.TestRbacP2" name="test_analyst_cannot_create_production_order" time="0.102" /><testcase classname="tests.backend_test_p2.TestRbacP2" name="test_analyst_cannot_create_po" time="0.100" /><testcase classname="tests.backend_test_p2.TestRbacP2" name="test_warehouse_can_create_warehouse" time="0.884" /><testcase classname="tests.backend_test_p2.TestRbacP2" name="test_warehouse_cannot_delete_warehouse" time="0.358" /><testcase classname="tests.backend_test_p2.TestRbacP2" name="test_warehouse_can_create_stock_movement" time="0.119" /><testcase classname="tests.backend_test_p2.TestRbacP2" name="test_warehouse_can_create_purchase_order" time="1.509" /><testcase classname="tests.backend_test_p3.TestCatalogs" name="test_positions" time="0.441" /><testcase classname="tests.backend_test_p3.TestCatalogs" name="test_screens" time="0.113" /><testcase classname="tests.backend_test_p3.TestCatalogs" name="test_signatories" time="0.094" /><testcase classname="tests.backend_test_p3.TestUserScreens" name="test_analyst_me_reflects_screens" time="0.771" /><testcase classname="tests.backend_test_p3.TestUserScreens" name="test_admin_edit_analyst_screens" time="0.248" /><testcase classname="tests.backend_test_p3.TestUserScreens" name="test_invalid_screen_rejected" time="0.093" /><testcase classname="tests.backend_test_p3.TestNotificationsBasic" name="test_list_empty_ok" time="0.109" /><testcase classname="tests.backend_test_p3.TestNotificationsBasic" name="test_unread_count" time="0.115" /><testcase classname="tests.backend_test_p3.TestLabFormApprovalFlow" name="test_create_labform_with_request_approval" time="0.835" /><testcase classname="tests.backend_test_p3.TestLabFormApprovalFlow" name="test_qm_received_notification" time="0.119"><failure message="AssertionError: assert 'info' == 'approval_request'&#10;  &#10;  - approval_request&#10;  + info">E   AssertionError: assert 'info' == 'approval_request'
      
      - approval_request
      + info</failure></testcase><testcase classname="tests.backend_test_p3.TestLabFormApprovalFlow" name="test_qm_can_act_approve" time="0.000"><failure message="AttributeError: module 'pytest' has no attribute 'p3_notif_id'">E   AttributeError: module 'pytest' has no attribute 'p3_notif_id'</failure></testcase><testcase classname="tests.backend_test_p3.TestLabFormApprovalFlow" name="test_record_now_approved" time="0.096"><failure message="AssertionError: assert 'pending_approval' == 'approved'&#10;  &#10;  - approved&#10;  + pending_approval">E   AssertionError: assert 'pending_approval' == 'approved'
      
      - approved
      + pending_approval</failure></testcase><testcase classname="tests.backend_test_p3.TestLabFormApprovalFlow" name="test_analyst_cannot_act_on_someone_elses_notif" time="0.000"><failure message="AttributeError: module 'pytest' has no attribute 'p3_notif_id'">E   AttributeError: module 'pytest' has no attribute 'p3_notif_id'</failure></testcase><testcase classname="tests.backend_test_p3.TestNotificationsRead" name="test_mark_all_read" time="0.388" /><testcase classname="tests.backend_test_p3.TestAttachments" name="test_upload_pdf_to_lab_form" time="0.284" /><testcase classname="tests.backend_test_p3.TestAttachments" name="test_reject_bad_mime" time="0.109" /><testcase classname="tests.backend_test_p3.TestAttachments" name="test_list_attachments" time="0.148" /><testcase classname="tests.backend_test_p3.TestAttachments" name="test_download_attachment" time="0.114" /><testcase classname="tests.backend_test_p3.TestAttachments" name="test_stored_on_disk_not_in_mongo" time="0.000" /><testcase classname="tests.backend_test_p3.TestAttachments" name="test_delete_attachment" time="0.257" /><testcase classname="tests.backend_test_p3.TestExports" name="test_sources" time="0.241" /><testcase classname="tests.backend_test_p3.TestExports" name="test_csv_lab_forms" time="0.108" /><testcase classname="tests.backend_test_p3.TestExports" name="test_xlsx_samples" time="0.112" /><testcase classname="tests.backend_test_p3.TestExports" name="test_docx_batches" time="0.119" /><testcase classname="tests.backend_test_p3.TestExports" name="test_pdf_lab_forms" time="0.147" /><testcase classname="tests.backend_test_p3.TestExports" name="test_unknown_source_400" time="0.116" /><testcase classname="tests.backend_test_p3.TestConsolidatedInventory" name="test_create_supply" time="0.126" /><testcase classname="tests.backend_test_p3.TestConsolidatedInventory" name="test_dup_code_rejected" time="0.117" /><testcase classname="tests.backend_test_p3.TestConsolidatedInventory" name="test_supply_in_consolidated" time="0.144" /><testcase classname="tests.backend_test_p3.TestConsolidatedInventory" name="test_alert_config_get_default" time="0.099" /><testcase classname="tests.backend_test_p3.TestConsolidatedInventory" name="test_alert_config_put" time="0.229" /><testcase classname="tests.backend_test_p3.TestConsolidatedInventory" name="test_scan_alerts_dispatches" time="0.363" /><testcase classname="tests.backend_test_p3.TestConsolidatedInventory" name="test_delete_supply" time="0.106" /><testcase classname="tests.backend_test_p3.TestCoAFormats" name="test_pdf_format_toggle_if_coa_exists" time="1.620" /></testsuite></testsuites>