<?xml version="1.0" encoding="utf-8"?><testsuites name="pytest tests"><testsuite name="pytest" errors="0" failures="1" skipped="0" tests="34" time="8.104" timestamp="2026-07-30T12:45:52.479352+00:00" hostname="agent-env-18a632d2-bdd6-4937-bf98-0c6a9c8a9dcc"><testcase classname="tests.backend_test_p4.TestDataLayer" name="test_login_returns_has_signature" time="0.470" /><testcase classname="tests.backend_test_p4.TestDataLayer" name="test_me_has_signature" time="0.451" /><testcase classname="tests.backend_test_p4.TestSearch" name="test_shortcut_M01" time="0.103" /><testcase classname="tests.backend_test_p4.TestSearch" name="test_shortcut_L01" time="0.101" /><testcase classname="tests.backend_test_p4.TestSearch" name="test_shortcut_F01" time="0.117" /><testcase classname="tests.backend_test_p4.TestSearch" name="test_shortcut_case_insensitive" time="0.109" /><testcase classname="tests.backend_test_p4.TestSearch" name="test_text_search_no_error" time="0.132" /><testcase classname="tests.backend_test_p4.TestSearch" name="test_shortcuts_list_has_29_plus" time="0.111" /><testcase classname="tests.backend_test_p4.TestSearch" name="test_shortcut_admin_create" time="0.335" /><testcase classname="tests.backend_test_p4.TestSearch" name="test_shortcut_non_admin_403" time="0.874" /><testcase classname="tests.backend_test_p4.TestSignatures" name="test_canvas_upload_and_get_mine" time="0.241" /><testcase classname="tests.backend_test_p4.TestSignatures" name="test_signature_image_bytes" time="0.104" /><testcase classname="tests.backend_test_p4.TestSignatures" name="test_me_reflects_has_signature" time="0.096" /><testcase classname="tests.backend_test_p4.TestSignatures" name="test_upload_multipart_png" time="0.110" /><testcase classname="tests.backend_test_p4.TestSignatures" name="test_canvas_bad_data_url" time="0.093" /><testcase classname="tests.backend_test_p4.TestSignatures" name="test_delete_mine" time="0.343" /><testcase classname="tests.backend_test_p4.TestCrudSanity" name="test_create_product" time="0.112" /><testcase classname="tests.backend_test_p4.TestCrudSanity" name="test_get_product" time="0.101" /><testcase classname="tests.backend_test_p4.TestCrudSanity" name="test_create_test" time="0.119" /><testcase classname="tests.backend_test_p4.TestCrudSanity" name="test_create_reagent" time="0.114" /><testcase classname="tests.backend_test_p4.TestCrudSanity" name="test_create_supplier" time="0.111" /><testcase classname="tests.backend_test_p4.TestCrudSanity" name="test_create_warehouse" time="0.131" /><testcase classname="tests.backend_test_p4.TestCrudSanity" name="test_create_purchase_order" time="0.128" /><testcase classname="tests.backend_test_p4.TestExports" name="test_sources" time="0.101" /><testcase classname="tests.backend_test_p4.TestExports" name="test_products_export[csv]" time="0.104" /><testcase classname="tests.backend_test_p4.TestExports" name="test_products_export[xlsx]" time="0.110" /><testcase classname="tests.backend_test_p4.TestExports" name="test_products_export[docx]" time="0.173" /><testcase classname="tests.backend_test_p4.TestExports" name="test_products_export[pdf]" time="0.160" /><testcase classname="tests.backend_test_p4.TestInventory" name="test_consolidated_works" time="0.103" /><testcase classname="tests.backend_test_p4.TestInventory" name="test_low_stock_supply" time="0.215" /><testcase classname="tests.backend_test_p4.TestInventory" name="test_alert_scan" time="0.139"><failure message="AssertionError: Internal Server Error&#10;assert 500 == 200&#10; +  where 500 = &lt;Response [500]&gt;.status_code">tests/backend_test_p4.py:280: in test_alert_scan
    assert r.status_code == 200, r.text
E   AssertionError: Internal Server Error
E   assert 500 == 200
E    +  where 500 = &lt;Response [500]&gt;.status_code</failure></testcase><testcase classname="tests.backend_test_p4.TestLabFormNotifications" name="test_notify_on_create" time="1.139" /><testcase classname="tests.backend_test_p4.TestApprovalAndPdf" name="test_approval_flow" time="0.984" /><testcase classname="tests.backend_test_p4.TestApprovalAndPdf" name="test_pdf_download_with_signature" time="0.185" /></testsuite></testsuites>