<?xml version="1.0" encoding="utf-8"?><testsuites name="pytest tests"><testsuite name="pytest" errors="0" failures="1" skipped="0" tests="43" time="11.825" timestamp="2026-07-23T02:04:12.420363+00:00" hostname="agent-env-18a632d2-bdd6-4937-bf98-0c6a9c8a9dcc"><testcase classname="tests.backend_test_p2.TestInstrumentAgents" name="test_create_agent" time="0.647" /><testcase classname="tests.backend_test_p2.TestInstrumentAgents" name="test_agent_duplicate_code" time="0.136" /><testcase classname="tests.backend_test_p2.TestInstrumentAgents" name="test_list_agents_contains_new" time="0.111" /><testcase classname="tests.backend_test_p2.TestInstruments" name="test_create_instrument" time="0.123" /><testcase classname="tests.backend_test_p2.TestInstruments" name="test_list_instruments" time="0.112" /><testcase classname="tests.backend_test_p2.TestInstruments" name="test_get_instrument" time="0.135" /><testcase classname="tests.backend_test_p2.TestAgentEndpoints" name="test_heartbeat_without_token" time="0.117" /><testcase classname="tests.backend_test_p2.TestAgentEndpoints" name="test_heartbeat_invalid_token" time="0.101" /><testcase classname="tests.backend_test_p2.TestAgentEndpoints" name="test_heartbeat_valid" time="0.232" /><testcase classname="tests.backend_test_p2.TestAgentEndpoints" name="test_agent_config" time="0.135" /><testcase classname="tests.backend_test_p2.TestAgentEndpoints" name="test_push_reading" time="0.344" /><testcase classname="tests.backend_test_p2.TestAgentEndpoints" name="test_push_reading_wrong_agent" time="0.679" /><testcase classname="tests.backend_test_p2.TestAgentScriptDownload" name="test_download_python_script" time="0.174" /><testcase classname="tests.backend_test_p2.TestAgentScriptDownload" name="test_download_install_bat" time="0.102" /><testcase classname="tests.backend_test_p2.TestDocuments" name="test_create_document" time="0.102" /><testcase classname="tests.backend_test_p2.TestDocuments" name="test_upload_v1" time="0.104" /><testcase classname="tests.backend_test_p2.TestDocuments" name="test_approve_v1" time="0.227" /><testcase classname="tests.backend_test_p2.TestDocuments" name="test_upload_v2_and_approve_makes_v1_obsolete" time="0.366" /><testcase classname="tests.backend_test_p2.TestSuppliers" name="test_create_supplier" time="0.108" /><testcase classname="tests.backend_test_p2.TestSuppliers" name="test_list_suppliers" time="0.109" /><testcase classname="tests.backend_test_p2.TestSetupForStockFlow" name="test_create_reagent" time="0.124" /><testcase classname="tests.backend_test_p2.TestSetupForStockFlow" name="test_create_finished_product" time="0.124" /><testcase classname="tests.backend_test_p2.TestSetupForStockFlow" name="test_create_warehouse" time="0.113" /><testcase classname="tests.backend_test_p2.TestSetupForStockFlow" name="test_list_warehouses" time="0.110" /><testcase classname="tests.backend_test_p2.TestPurchaseOrders" name="test_create_po" time="0.135" /><testcase classname="tests.backend_test_p2.TestPurchaseOrders" name="test_approve_po" time="0.530" /><testcase classname="tests.backend_test_p2.TestPurchaseOrders" name="test_receive_po_creates_stock_movement_and_updates_reagent" time="0.467" /><testcase classname="tests.backend_test_p2.TestStockMovements" name="test_out_movement" time="0.215" /><testcase classname="tests.backend_test_p2.TestStockMovements" name="test_summary_after_out" time="0.117" /><testcase classname="tests.backend_test_p2.TestProductionOrders" name="test_create_prod_order" time="0.097" /><testcase classname="tests.backend_test_p2.TestProductionOrders" name="test_start_prod_consumes_bom" time="0.336" /><testcase classname="tests.backend_test_p2.TestProductionOrders" name="test_complete_prod" time="0.370" /><testcase classname="tests.backend_test_p2.TestProductionQCGate" name="test_qc_gate_blocks_completion_when_sample_not_approved" time="0.648" /><testcase classname="tests.backend_test_p2.TestFinance" name="test_dashboard" time="0.109" /><testcase classname="tests.backend_test_p2.TestFinance" name="test_costs_by_product" time="0.111" /><testcase classname="tests.backend_test_p2.TestRbacP2" name="test_analyst_cannot_create_supplier" time="0.812" /><testcase classname="tests.backend_test_p2.TestRbacP2" name="test_analyst_cannot_create_warehouse" time="0.106" /><testcase classname="tests.backend_test_p2.TestRbacP2" name="test_analyst_cannot_create_production_order" time="0.104" /><testcase classname="tests.backend_test_p2.TestRbacP2" name="test_analyst_cannot_create_po" time="0.111" /><testcase classname="tests.backend_test_p2.TestRbacP2" name="test_warehouse_can_create_warehouse" time="0.889" /><testcase classname="tests.backend_test_p2.TestRbacP2" name="test_warehouse_cannot_delete_warehouse" time="0.328" /><testcase classname="tests.backend_test_p2.TestRbacP2" name="test_warehouse_can_create_stock_movement" time="0.104" /><testcase classname="tests.backend_test_p2.TestRbacP2" name="test_warehouse_can_create_purchase_order" time="1.408"><failure message="AssertionError: Warehouse role must be able to create POs (got 403: {&quot;detail&quot;:&quot;Permiso denegado: se requiere acceso read a batches&quot;})&#10;assert 403 == 200&#10; +  where 403 = &lt;Response [403]&gt;.status_code">tests/backend_test_p2.py:723: in test_warehouse_can_create_purchase_order
    assert r.status_code == 200, f"Warehouse role must be able to create POs (got {r.status_code}: {r.text})"
E   AssertionError: Warehouse role must be able to create POs (got 403: {"detail":"Permiso denegado: se requiere acceso read a batches"})
E   assert 403 == 200
E    +  where 403 = &lt;Response [403]&gt;.status_code</failure></testcase></testsuite></testsuites>