<?xml version="1.0" encoding="utf-8"?><testsuites name="pytest tests"><testsuite name="pytest" errors="0" failures="0" skipped="0" tests="36" time="5.819" timestamp="2026-07-23T01:21:49.160718+00:00" hostname="agent-env-18a632d2-bdd6-4937-bf98-0c6a9c8a9dcc"><testcase classname="tests.backend_test.TestHealth" name="test_health" time="0.466" /><testcase classname="tests.backend_test.TestHealth" name="test_root" time="0.109" /><testcase classname="tests.backend_test.TestAuth" name="test_login_success" time="0.000" /><testcase classname="tests.backend_test.TestAuth" name="test_login_invalid" time="0.323" /><testcase classname="tests.backend_test.TestAuth" name="test_me" time="0.106" /><testcase classname="tests.backend_test.TestAuth" name="test_no_auth_rejected" time="0.111" /><testcase classname="tests.backend_test.TestAuth" name="test_products_no_auth" time="0.142" /><testcase classname="tests.backend_test.TestAuth" name="test_roles_list" time="0.127" /><testcase classname="tests.backend_test.TestProducts" name="test_create_product" time="0.107" /><testcase classname="tests.backend_test.TestProducts" name="test_list_products_contains_new" time="0.102" /><testcase classname="tests.backend_test.TestProducts" name="test_get_product" time="0.098" /><testcase classname="tests.backend_test.TestTestsCatalog" name="test_create_test" time="0.122" /><testcase classname="tests.backend_test.TestTestsCatalog" name="test_list_tests" time="0.115" /><testcase classname="tests.backend_test.TestReagents" name="test_create_reagent" time="0.102" /><testcase classname="tests.backend_test.TestReagents" name="test_list_reagents" time="0.112" /><testcase classname="tests.backend_test.TestEquipment" name="test_create_equipment" time="0.104" /><testcase classname="tests.backend_test.TestEquipment" name="test_add_calibration" time="0.222" /><testcase classname="tests.backend_test.TestSampleFlow" name="test_create_sample" time="0.131" /><testcase classname="tests.backend_test.TestSampleFlow" name="test_get_sample_and_executions" time="0.110" /><testcase classname="tests.backend_test.TestSampleFlow" name="test_start_execution" time="0.101" /><testcase classname="tests.backend_test.TestSampleFlow" name="test_submit_execution" time="0.110" /><testcase classname="tests.backend_test.TestSampleFlow" name="test_approve_execution" time="0.102" /><testcase classname="tests.backend_test.TestSampleFlow" name="test_release_batch" time="0.106" /><testcase classname="tests.backend_test.TestSampleFlow" name="test_batch_persisted" time="0.099" /><testcase classname="tests.backend_test.TestSampleFlow" name="test_coa_pdf_download" time="0.178" /><testcase classname="tests.backend_test.TestSampleFlow" name="test_sample_final_state" time="0.123" /><testcase classname="tests.backend_test.TestUsers" name="test_register_analyst" time="0.326" /><testcase classname="tests.backend_test.TestUsers" name="test_analyst_can_login" time="0.322" /><testcase classname="tests.backend_test.TestUsers" name="test_analyst_cannot_create_product" time="0.097" /><testcase classname="tests.backend_test.TestUsers" name="test_analyst_cannot_register" time="0.105" /><testcase classname="tests.backend_test.TestUsers" name="test_list_users_contains_analyst" time="0.111" /><testcase classname="tests.backend_test.TestDashboard" name="test_kpis" time="0.103" /><testcase classname="tests.backend_test.TestDashboard" name="test_samples_trend" time="0.135" /><testcase classname="tests.backend_test.TestDashboard" name="test_alerts" time="0.094" /><testcase classname="tests.backend_test.TestAudit" name="test_audit_has_entries" time="0.111" /><testcase classname="tests.backend_test.TestReports" name="test_spc" time="0.822" /></testsuite></testsuites>