<?xml version="1.0" encoding="utf-8"?><testsuites name="pytest tests"><testsuite name="pytest" errors="0" failures="0" skipped="0" tests="34" time="55.955" timestamp="2026-07-27T14:30:47.372156+00:00" hostname="agent-env-18a632d2-bdd6-4937-bf98-0c6a9c8a9dcc"><testcase classname="tests.backend_test_p3.TestCatalogs" name="test_positions" time="0.538" /><testcase classname="tests.backend_test_p3.TestCatalogs" name="test_screens" time="0.165" /><testcase classname="tests.backend_test_p3.TestCatalogs" name="test_signatories" time="0.112" /><testcase classname="tests.backend_test_p3.TestUserScreens" name="test_analyst_me_reflects_screens" time="0.821" /><testcase classname="tests.backend_test_p3.TestUserScreens" name="test_admin_edit_analyst_screens" time="0.201" /><testcase classname="tests.backend_test_p3.TestUserScreens" name="test_invalid_screen_rejected" time="0.126" /><testcase classname="tests.backend_test_p3.TestNotificationsBasic" name="test_list_empty_ok" time="0.103" /><testcase classname="tests.backend_test_p3.TestNotificationsBasic" name="test_unread_count" time="0.101" /><testcase classname="tests.backend_test_p3.TestLabFormApprovalFlow" name="test_create_labform_with_request_approval" time="0.844" /><testcase classname="tests.backend_test_p3.TestLabFormApprovalFlow" name="test_qm_received_notification" time="0.113" /><testcase classname="tests.backend_test_p3.TestLabFormApprovalFlow" name="test_qm_can_act_approve" time="0.150" /><testcase classname="tests.backend_test_p3.TestLabFormApprovalFlow" name="test_record_now_approved" time="0.135" /><testcase classname="tests.backend_test_p3.TestLabFormApprovalFlow" name="test_analyst_cannot_act_on_someone_elses_notif" time="0.129" /><testcase classname="tests.backend_test_p3.TestNotificationsRead" name="test_mark_all_read" time="0.307" /><testcase classname="tests.backend_test_p3.TestAttachments" name="test_upload_pdf_to_lab_form" time="0.121" /><testcase classname="tests.backend_test_p3.TestAttachments" name="test_reject_bad_mime" time="0.140" /><testcase classname="tests.backend_test_p3.TestAttachments" name="test_list_attachments" time="0.131" /><testcase classname="tests.backend_test_p3.TestAttachments" name="test_download_attachment" time="0.134" /><testcase classname="tests.backend_test_p3.TestAttachments" name="test_stored_on_disk_not_in_mongo" time="0.000" /><testcase classname="tests.backend_test_p3.TestAttachments" name="test_delete_attachment" time="0.252" /><testcase classname="tests.backend_test_p3.TestExports" name="test_sources" time="0.105" /><testcase classname="tests.backend_test_p3.TestExports" name="test_csv_lab_forms" time="0.105" /><testcase classname="tests.backend_test_p3.TestExports" name="test_xlsx_samples" time="0.152" /><testcase classname="tests.backend_test_p3.TestExports" name="test_docx_batches" time="36.173" /><testcase classname="tests.backend_test_p3.TestExports" name="test_pdf_lab_forms" time="0.189" /><testcase classname="tests.backend_test_p3.TestExports" name="test_unknown_source_400" time="0.132" /><testcase classname="tests.backend_test_p3.TestConsolidatedInventory" name="test_create_supply" time="0.141" /><testcase classname="tests.backend_test_p3.TestConsolidatedInventory" name="test_dup_code_rejected" time="0.122" /><testcase classname="tests.backend_test_p3.TestConsolidatedInventory" name="test_supply_in_consolidated" time="0.138" /><testcase classname="tests.backend_test_p3.TestConsolidatedInventory" name="test_alert_config_get_default" time="0.102" /><testcase classname="tests.backend_test_p3.TestConsolidatedInventory" name="test_alert_config_put" time="1.252" /><testcase classname="tests.backend_test_p3.TestConsolidatedInventory" name="test_scan_alerts_dispatches" time="11.609" /><testcase classname="tests.backend_test_p3.TestConsolidatedInventory" name="test_delete_supply" time="0.104" /><testcase classname="tests.backend_test_p3.TestCoAFormats" name="test_pdf_format_toggle_if_coa_exists" time="0.884" /></testsuite></testsuites>