<?xml version="1.0" encoding="utf-8"?><testsuites name="pytest tests"><testsuite name="pytest" errors="0" failures="0" skipped="0" tests="16" time="3.182" timestamp="2026-07-31T11:43:41.769876+00:00" hostname="agent-env-18a632d2-bdd6-4937-bf98-0c6a9c8a9dcc"><testcase classname="tests.backend_test_p0_signatures.TestSignatureAdminEndpoints" name="test_no_token_401" time="0.152" /><testcase classname="tests.backend_test_p0_signatures.TestRegression" name="test_endpoint_ok[/samples]" time="0.740" /><testcase classname="tests.backend_test_p0_signatures.TestRegression" name="test_endpoint_ok[/batches]" time="0.238" /><testcase classname="tests.backend_test_p0_signatures.TestRegression" name="test_endpoint_ok[/inventory/products]" time="0.095" /><testcase classname="tests.backend_test_p0_signatures.TestRegression" name="test_endpoint_ok[/warehouses]" time="0.234" /><testcase classname="tests.backend_test_p0_signatures.TestRegression" name="test_endpoint_ok[/lab-forms/records/bulk_reception?limit=5]" time="0.149" /><testcase classname="tests.backend_test_p0_signatures.TestSignatureAdminEndpoints" name="test_non_admin_forbidden" time="1.308" /><testcase classname="tests.backend_test_p0_signatures.TestHasSignatureField" name="test_login_admin_has_signature" time="0.000" /><testcase classname="tests.backend_test_p0_signatures.TestHasSignatureField" name="test_list_users_has_signature_flag" time="0.100" /><testcase classname="tests.backend_test_p0_signatures.TestSignatureAdminEndpoints" name="test_admin_get_before_configured" time="0.206" /><testcase classname="tests.backend_test_p0_signatures.TestFacilityInspection" name="test_create_facility_record" time="0.377" /><testcase classname="tests.backend_test_p0_signatures.TestSignatureAdminEndpoints" name="test_admin_upload_and_configured" time="0.261" /><testcase classname="tests.backend_test_p0_signatures.TestSignatureAdminEndpoints" name="test_admin_canvas_signature" time="0.203" /><testcase classname="tests.backend_test_p0_signatures.TestCoAStandardPDF" name="test_coa_standard_pdf_download" time="0.395" /><testcase classname="tests.backend_test_p0_signatures.TestSignatureAdminEndpoints" name="test_admin_delete_signature" time="0.232" /><testcase classname="tests.backend_test_p0_signatures.TestSignatureAdminEndpoints" name="test_users_list_reflects_signature_state" time="0.478" /></testsuite></testsuites>